c:\users\user\source\repos\twincat project3\twincat project3\untitled1\_products\twincat rt (x64)\release\untitled1\untitled1.pch
c:\users\user\source\repos\twincat project3\twincat project3\untitled1\_products\twincat rt (x64)\release\untitled1\vc142.pdb
c:\users\user\source\repos\twincat project3\twincat project3\untitled1\_products\twincat rt (x64)\release\untitled1\tcpch.obj
c:\users\user\source\repos\twincat project3\twincat project3\untitled1\_products\twincat rt (x64)\release\untitled1\untitled1driver.obj
c:\users\user\source\repos\twincat project3\twincat project3\untitled1\_products\twincat rt (x64)\release\untitled1\module1.obj
c:\users\user\source\repos\twincat project3\twincat project3\untitled1\_products\twincat rt (x64)\release\untitled1\untitled1classfactory.obj
c:\users\user\source\repos\twincat project3 - copie\twincat project3\untitled1\_products\twincat rt (x64)\release\untitled1\untitled1.pch
c:\users\user\source\repos\twincat project3 - copie\twincat project3\untitled1\_products\twincat rt (x64)\release\untitled1\vc142.pdb
c:\users\user\source\repos\twincat project3 - copie\twincat project3\untitled1\_products\twincat rt (x64)\release\untitled1\tcpch.obj
c:\users\user\source\repos\twincat project3 - copie\twincat project3\untitled1\_products\twincat rt (x64)\release\untitled1\module1.obj
c:\users\user\source\repos\twincat project3 - copie\twincat project3\untitled1\_products\twincat rt (x64)\release\untitled1\untitled1classfactory.obj
c:\users\user\source\repos\twincat project3 - copie\twincat project3\untitled1\_products\twincat rt (x64)\release\untitled1\untitled1driver.obj
c:\users\user\source\repos\twincat project3\twincat project3\untitled1\_products\twincat rt (x64)\release\untitled1.tmx
c:\users\user\source\repos\twincat project3\twincat project3\untitled1\_products\twincat rt (x64)\release\untitled1.pdb
c:\users\user\source\repos\twincat project3 - copie\twincat project3\untitled1\_products\twincat rt (x64)\release\untitled1.tmx
c:\users\user\source\repos\twincat project3 - copie\twincat project3\untitled1\_products\twincat rt (x64)\release\untitled1.pdb
c:\users\user\source\repos\twincat project3\twincat project3\untitled1\_products\twincat rt (x64)\release\untitled1\untitled1.res
c:\users\user\source\repos\twincat project3 - copie\twincat project3\untitled1\_products\twincat rt (x64)\release\untitled1\untitled1.res
c:\users\user\source\repos\twincat project3 - copie\twincat project3\untitled1\_products\twincat rt (x64)\release\untitled1\untitled1.tlog\cl.command.1.tlog
c:\users\user\source\repos\twincat project3 - copie\twincat project3\untitled1\_products\twincat rt (x64)\release\untitled1\untitled1.tlog\cl.read.1.tlog
c:\users\user\source\repos\twincat project3 - copie\twincat project3\untitled1\_products\twincat rt (x64)\release\untitled1\untitled1.tlog\cl.write.1.tlog
c:\users\user\source\repos\twincat project3 - copie\twincat project3\untitled1\_products\twincat rt (x64)\release\untitled1\untitled1.tlog\link.command.1.tlog
c:\users\user\source\repos\twincat project3 - copie\twincat project3\untitled1\_products\twincat rt (x64)\release\untitled1\untitled1.tlog\link.read.1.tlog
c:\users\user\source\repos\twincat project3 - copie\twincat project3\untitled1\_products\twincat rt (x64)\release\untitled1\untitled1.tlog\link.write.1.tlog
c:\users\user\source\repos\twincat project3 - copie\twincat project3\untitled1\_products\twincat rt (x64)\release\untitled1\untitled1.tlog\rc.command.1.tlog
c:\users\user\source\repos\twincat project3 - copie\twincat project3\untitled1\_products\twincat rt (x64)\release\untitled1\untitled1.tlog\rc.read.1.tlog
c:\users\user\source\repos\twincat project3 - copie\twincat project3\untitled1\_products\twincat rt (x64)\release\untitled1\untitled1.tlog\rc.write.1.tlog
